<?xml version="1.0" encoding="UTF-8"?>
<!-- Generated by org.testng.reporters.JUnitXMLReporter -->
<testsuite ignored="4" hostname="DESKTOP-0HV000C" failures="0" tests="2" name="Smoke" time="0.067" errors="0" timestamp="2022-09-27T12:38:52 CDT">
  <testcase classname="Lessons.TestNgClass1" name="test1" time="0.019"/>
  <testcase classname="Lessons.TestNgClass1" name="test4" time="0.003"/>
  <testcase classname="Lessons.TestNgClass1" name="test2" time="0.0">
    <ignored/>
  </testcase> <!-- test2 -->
  <testcase classname="Lessons.TestNgClass1" name="test3" time="0.0">
    <ignored/>
  </testcase> <!-- test3 -->
  <testcase classname="Lessons.TestNgClass1" name="test5" time="0.0">
    <ignored/>
  </testcase> <!-- test5 -->
  <testcase classname="Lessons.TestNgClass1" name="test51" time="0.0">
    <ignored/>
  </testcase> <!-- test51 -->
</testsuite> <!-- Smoke -->
