<?xml version="1.0" encoding="UTF-8"?>
<!-- Generated by org.testng.reporters.JUnitXMLReporter -->
<testsuite ignored="0" hostname="DESKTOP-0HV000C" failures="0" tests="6" name="Test" time="0.066" errors="0" timestamp="2022-09-27T09:25:16 CDT">
  <testcase classname="Lessons.TestNgClass1" name="test1" time="0.007"/>
  <testcase classname="Lessons.TestNgClass1" name="test2" time="0.002"/>
  <testcase classname="Lessons.TestNgClass1" name="test3" time="0.002"/>
  <testcase classname="Lessons.TestNgClass1" name="test4" time="0.002"/>
  <testcase classname="Lessons.TestNgClass1" name="test5" time="0.001"/>
  <testcase classname="Lessons.TestNgClass1" name="test51" time="0.002"/>
</testsuite> <!-- Test -->
