<?xml version="1.0" encoding="UTF-8"?>
<testng-results ignored="4" total="6" passed="2" failed="0" skipped="0">
  <reporter-output>
  </reporter-output>
  <suite started-at="2022-09-27T09:36:47 CDT" name="Suite" finished-at="2022-09-27T09:36:47 CDT" duration-ms="62">
    <groups>
      <group name="smoke">
        <method signature="TestNgClass1.test1()[pri:0, instance:Lessons.TestNgClass1@1ea9f6af]" name="test1" class="Lessons.TestNgClass1"/>
        <method signature="TestNgClass1.test4()[pri:0, instance:Lessons.TestNgClass1@1ea9f6af]" name="test4" class="Lessons.TestNgClass1"/>
      </group> <!-- smoke -->
    </groups>
    <test started-at="2022-09-27T09:36:47 CDT" name="Smoke" finished-at="2022-09-27T09:36:47 CDT" duration-ms="62">
      <class name="Lessons.TestNgClass1">
        <test-method signature="test1()[pri:0, instance:Lessons.TestNgClass1@1ea9f6af]" started-at="2022-09-27T09:36:47 CDT" name="test1" finished-at="2022-09-27T09:36:47 CDT" duration-ms="9" status="PASS">
          <reporter-output>
          </reporter-output>
        </test-method> <!-- test1 -->
        <test-method is-config="true" signature="test11()[pri:0, instance:Lessons.TestNgClass1@1ea9f6af]" started-at="2022-09-27T09:36:47 CDT" name="test11" finished-at="2022-09-27T09:36:47 CDT" duration-ms="4" status="PASS">
          <reporter-output>
          </reporter-output>
        </test-method> <!-- test11 -->
        <test-method signature="test4()[pri:0, instance:Lessons.TestNgClass1@1ea9f6af]" started-at="2022-09-27T09:36:47 CDT" name="test4" finished-at="2022-09-27T09:36:47 CDT" duration-ms="1" status="PASS">
          <reporter-output>
          </reporter-output>
        </test-method> <!-- test4 -->
        <test-method is-config="true" signature="test11()[pri:0, instance:Lessons.TestNgClass1@1ea9f6af]" started-at="2022-09-27T09:36:47 CDT" name="test11" finished-at="2022-09-27T09:36:47 CDT" duration-ms="1" status="PASS">
          <reporter-output>
          </reporter-output>
        </test-method> <!-- test11 -->
      </class> <!-- Lessons.TestNgClass1 -->
    </test> <!-- Smoke -->
  </suite> <!-- Suite -->
</testng-results>
