<?xml version="1.0" encoding="UTF-8"?>
<!-- Generated by org.testng.reporters.JUnitXMLReporter -->
<testsuite ignored="0" hostname="DESKTOP-0HV000C" failures="0" tests="4" name="Test" time="28.468" errors="0" timestamp="2022-09-30T15:00:45 CDT">
  <testcase classname="SeleniumFrameworkDesign.Tests.LoginTests" name="verifyCorrectLogin" time="0.67"/>
  <testcase classname="SeleniumFrameworkDesign.Tests.LoginTests" name="verifyIncorrectLoginMessage" time="0.58"/>
  <testcase classname="SeleniumFrameworkDesign.Tests.StandaloneTestWithDesignPattern" name="placeOrder" time="4.228"/>
  <testcase classname="SeleniumFrameworkDesign.Tests.StandaloneTestWithDesignPattern" name="verifyOrders" time="1.051"/>
</testsuite> <!-- Test -->
