<?xml version="1.0" encoding="UTF-8"?>
<!-- Generated by org.testng.reporters.JUnitXMLReporter -->
<testsuite ignored="0" hostname="DESKTOP-GDB468S" failures="0" tests="2" name="Test for orders" time="16.608" errors="0" timestamp="2022-10-03T09:38:55 CDT">
  <testcase classname="SeleniumFrameworkDesign.Tests.StandaloneTestWithDesignPattern" name="placeOrder" time="4.699"/>
  <testcase classname="SeleniumFrameworkDesign.Tests.StandaloneTestWithDesignPattern" name="verifyOrders" time="1.03"/>
</testsuite> <!-- Test for orders -->
