<?xml version="1.0" encoding="UTF-8"?>
<!-- Generated by org.testng.reporters.JUnitXMLReporter -->
<testsuite ignored="0" hostname="DESKTOP-0HV000C" failures="0" tests="2" name="Test for orders" time="17.236" errors="0" timestamp="2022-09-30T15:04:26 CDT">
  <testcase classname="SeleniumFrameworkDesign.Tests.StandaloneTestWithDesignPattern" name="placeOrder" time="4.316"/>
  <testcase classname="SeleniumFrameworkDesign.Tests.StandaloneTestWithDesignPattern" name="verifyOrders" time="1.055"/>
</testsuite> <!-- Test for orders -->
