<?xml version="1.0" encoding="UTF-8"?>
<!-- Generated by org.testng.reporters.JUnitXMLReporter -->
<testsuite ignored="0" hostname="DESKTOP-0HV000C" failures="0" tests="3" name="Default test" time="0.051" errors="0" timestamp="2022-09-27T12:29:36 CDT">
  <testcase classname="Lessons.DataProviderExample" name="test1" time="0.009"/>
  <testcase classname="Lessons.DataProviderExample" name="test1" time="0.002"/>
  <testcase classname="Lessons.DataProviderExample" name="test1" time="0.001"/>
</testsuite> <!-- Default test -->
