<?xml version="1.0" encoding="UTF-8"?>
<testng-results ignored="0" total="2" passed="2" failed="0" skipped="0">
  <reporter-output>
  </reporter-output>
  <suite started-at="2022-09-30T14:51:34 CDT" name="Default suite" finished-at="2022-09-30T14:51:51 CDT" duration-ms="17100">
    <groups>
    </groups>
    <test started-at="2022-09-30T14:51:34 CDT" name="Default test" finished-at="2022-09-30T14:51:51 CDT" duration-ms="17100">
      <class name="SeleniumFrameworkDesign.Tests.StandaloneTestWithDesignPattern">
        <test-method is-config="true" signature="launchApp()[pri:0, instance:SeleniumFrameworkDesign.Tests.StandaloneTestWithDesignPattern@5c33f1a9]" started-at="2022-09-30T14:51:34 CDT" name="launchApp" finished-at="2022-09-30T14:51:41 CDT" duration-ms="6376" status="PASS">
          <reporter-output>
          </reporter-output>
        </test-method> <!-- launchApp -->
        <test-method signature="placeOrder()[pri:0, instance:SeleniumFrameworkDesign.Tests.StandaloneTestWithDesignPattern@5c33f1a9]" started-at="2022-09-30T14:51:41 CDT" name="placeOrder" finished-at="2022-09-30T14:51:45 CDT" duration-ms="4254" status="PASS">
          <reporter-output>
          </reporter-output>
        </test-method> <!-- placeOrder -->
        <test-method is-config="true" signature="closeApp()[pri:0, instance:SeleniumFrameworkDesign.Tests.StandaloneTestWithDesignPattern@5c33f1a9]" started-at="2022-09-30T14:51:45 CDT" name="closeApp" finished-at="2022-09-30T14:51:45 CDT" duration-ms="192" status="PASS">
          <reporter-output>
          </reporter-output>
        </test-method> <!-- closeApp -->
        <test-method is-config="true" signature="launchApp()[pri:0, instance:SeleniumFrameworkDesign.Tests.StandaloneTestWithDesignPattern@5c33f1a9]" started-at="2022-09-30T14:51:45 CDT" name="launchApp" finished-at="2022-09-30T14:51:50 CDT" duration-ms="4963" status="PASS">
          <reporter-output>
          </reporter-output>
        </test-method> <!-- launchApp -->
        <test-method signature="verifyOrders()[pri:0, instance:SeleniumFrameworkDesign.Tests.StandaloneTestWithDesignPattern@5c33f1a9]" started-at="2022-09-30T14:51:50 CDT" name="verifyOrders" finished-at="2022-09-30T14:51:51 CDT" depends-on-methods="SeleniumFrameworkDesign.Tests.StandaloneTestWithDesignPattern.placeOrder" duration-ms="1077" status="PASS">
          <reporter-output>
          </reporter-output>
        </test-method> <!-- verifyOrders -->
        <test-method is-config="true" signature="closeApp()[pri:0, instance:SeleniumFrameworkDesign.Tests.StandaloneTestWithDesignPattern@5c33f1a9]" started-at="2022-09-30T14:51:51 CDT" name="closeApp" finished-at="2022-09-30T14:51:51 CDT" duration-ms="198" status="PASS">
          <reporter-output>
          </reporter-output>
        </test-method> <!-- closeApp -->
      </class> <!-- SeleniumFrameworkDesign.Tests.StandaloneTestWithDesignPattern -->
    </test> <!-- Default test -->
  </suite> <!-- Default suite -->
</testng-results>
